INFO:root:Running: adb shell su 0 update_engine_client --help
INFO:root:Running: adb root
restarting adbd as root
INFO:root:Running: adb push C:\Users\tingsung\AppData\Local\Temp\tmpouuyq4ia /data/ota_package/care_map.pb
adb: error: failed to read all of 'C:\Users\tingsung\AppData\Local\Temp\tmpouuyq4ia': Permission denied
C:\Users\tingsung\AppData\Local\Temp\tmpouuyq4ia: 0 files pushed, 0 skipped.
INFO:root:Running: adb push otapackage.zip /data/local/tmp/debug.zip
otapackage.zip: 1 file pushed, 0 skipped. 35.6 MB/s (1045425291 bytes in 27.996s)
INFO:root:Running: adb shell su 0 mv /data/local/tmp/debug.zip /data/ota_package\debug.zip
INFO:root:Running: adb shell su 0 chcon u:object_r:ota_package_file:s0 /data/ota_package\debug.zip
INFO:root:Running: adb shell su 0 chown system:cache /data/ota_package\debug.zip
INFO:root:Running: adb shell su 0 chmod 0660 /data/ota_package\debug.zip
INFO:root:Running: adb shell su 0 update_engine_client --update --follow --payload=file:///data/ota_package\debug.zip --offset=3517 --size=1045418277 --headers="FILE_HASH=qwWPVsVS2tOqOI26EvmywZeKr9Xl80XOqqvU0MnQutc=
FILE_SIZE=1045418277
METADATA_HASH=HGKKtxx5/AFFdwZ20bkiAqOz459uRA8n3kXdiYp/PWc=
METADATA_SIZE=48266
NETWORK_ID=0
"
[INFO:update_engine_client_android.cc(95)] onStatusUpdate(UPDATE_STATUS_IDLE (0), 0)
[INFO:update_engine_client_android.cc(95)] onStatusUpdate(UPDATE_STATUS_UPDATE_AVAILABLE (2), 0)
[INFO:update_engine_client_android.cc(95)] onStatusUpdate(UPDATE_STATUS_CLEANUP_PREVIOUS_UPDATE (11), 0)
[INFO:update_engine_client_android.cc(95)] onStatusUpdate(UPDATE_STATUS_DOWNLOADING (3), 1.90364e-05)
[INFO:update_engine_client_android.cc(95)] onStatusUpdate(UPDATE_STATUS_DOWNLOADING (3), 0.0100336)
[INFO:update_engine_client_android.cc(95)] onStatusUpdate(UPDATE_STATUS_DOWNLOADING (3), 0.0200481)
[INFO:update_engine_client_android.cc(95)] onStatusUpdate(UPDATE_STATUS_DOWNLOADING (3), 0.0300626)
[INFO:update_engine_client_android.cc(95)] onStatusUpdate(UPDATE_STATUS_DOWNLOADING (3), 0.0400772)
[INFO:update_engine_client_android.cc(95)] onStatusUpdate(UPDATE_STATUS_DOWNLOADING (3), 0.0500917)
[INFO:update_engine_client_android.cc(95)] onStatusUpdate(UPDATE_STATUS_DOWNLOADING (3), 0.0601062)
[INFO:update_engine_client_android.cc(95)] onStatusUpdate(UPDATE_STATUS_DOWNLOADING (3), 0.0701208)
[INFO:update_engine_client_android.cc(95)] onStatusUpdate(UPDATE_STATUS_DOWNLOADING (3), 0.0801353)
[INFO:update_engine_client_android.cc(95)] onStatusUpdate(UPDATE_STATUS_DOWNLOADING (3), 0.0901498)
[INFO:update_engine_client_android.cc(95)] onStatusUpdate(UPDATE_STATUS_DOWNLOADING (3), 0.100164)
[INFO:update_engine_client_android.cc(95)] onStatusUpdate(UPDATE_STATUS_DOWNLOADING (3), 0.110179)
[INFO:update_engine_client_android.cc(95)] onStatusUpdate(UPDATE_STATUS_DOWNLOADING (3), 0.120193)
[INFO:update_engine_client_android.cc(95)] onStatusUpdate(UPDATE_STATUS_DOWNLOADING (3), 0.130208)
[INFO:update_engine_client_android.cc(95)] onStatusUpdate(UPDATE_STATUS_DOWNLOADING (3), 0.140223)
[INFO:update_engine_client_android.cc(95)] onStatusUpdate(UPDATE_STATUS_DOWNLOADING (3), 0.150237)
[INFO:update_engine_client_android.cc(95)] onStatusUpdate(UPDATE_STATUS_DOWNLOADING (3), 0.160252)
[INFO:update_engine_client_android.cc(95)] onStatusUpdate(UPDATE_STATUS_DOWNLOADING (3), 0.170266)
[INFO:update_engine_client_android.cc(95)] onStatusUpdate(UPDATE_STATUS_DOWNLOADING (3), 0.180281)
[INFO:update_engine_client_android.cc(95)] onStatusUpdate(UPDATE_STATUS_DOWNLOADING (3), 0.190295)
[INFO:update_engine_client_android.cc(95)] onStatusUpdate(UPDATE_STATUS_DOWNLOADING (3), 0.20031)
[INFO:update_engine_client_android.cc(95)] onStatusUpdate(UPDATE_STATUS_DOWNLOADING (3), 0.210324)
[INFO:update_engine_client_android.cc(95)] onStatusUpdate(UPDATE_STATUS_DOWNLOADING (3), 0.220339)
[INFO:update_engine_client_android.cc(95)] onStatusUpdate(UPDATE_STATUS_DOWNLOADING (3), 0.230353)
[INFO:update_engine_client_android.cc(95)] onStatusUpdate(UPDATE_STATUS_DOWNLOADING (3), 0.240368)
[INFO:update_engine_client_android.cc(95)] onStatusUpdate(UPDATE_STATUS_DOWNLOADING (3), 0.250382)
[INFO:update_engine_client_android.cc(95)] onStatusUpdate(UPDATE_STATUS_DOWNLOADING (3), 0.260397)
[INFO:update_engine_client_android.cc(95)] onStatusUpdate(UPDATE_STATUS_DOWNLOADING (3), 0.270411)
[INFO:update_engine_client_android.cc(95)] onStatusUpdate(UPDATE_STATUS_DOWNLOADING (3), 0.280426)
[INFO:update_engine_client_android.cc(95)] onStatusUpdate(UPDATE_STATUS_DOWNLOADING (3), 0.29044)
[INFO:update_engine_client_android.cc(95)] onStatusUpdate(UPDATE_STATUS_DOWNLOADING (3), 0.300455)
[INFO:update_engine_client_android.cc(95)] onStatusUpdate(UPDATE_STATUS_DOWNLOADING (3), 0.31047)
[INFO:update_engine_client_android.cc(95)] onStatusUpdate(UPDATE_STATUS_DOWNLOADING (3), 0.320484)
[INFO:update_engine_client_android.cc(95)] onStatusUpdate(UPDATE_STATUS_DOWNLOADING (3), 0.330499)
[INFO:update_engine_client_android.cc(95)] onStatusUpdate(UPDATE_STATUS_DOWNLOADING (3), 0.340513)
[INFO:update_engine_client_android.cc(95)] onStatusUpdate(UPDATE_STATUS_DOWNLOADING (3), 0.350528)
[INFO:update_engine_client_android.cc(95)] onStatusUpdate(UPDATE_STATUS_DOWNLOADING (3), 0.360542)
[INFO:update_engine_client_android.cc(95)] onStatusUpdate(UPDATE_STATUS_DOWNLOADING (3), 0.370557)
[INFO:update_engine_client_android.cc(95)] onStatusUpdate(UPDATE_STATUS_DOWNLOADING (3), 0.380571)
[INFO:update_engine_client_android.cc(95)] onStatusUpdate(UPDATE_STATUS_DOWNLOADING (3), 0.390586)
[INFO:update_engine_client_android.cc(95)] onStatusUpdate(UPDATE_STATUS_DOWNLOADING (3), 0.4006)
[INFO:update_engine_client_android.cc(95)] onStatusUpdate(UPDATE_STATUS_DOWNLOADING (3), 0.410615)
[INFO:update_engine_client_android.cc(95)] onStatusUpdate(UPDATE_STATUS_DOWNLOADING (3), 0.420629)
[INFO:update_engine_client_android.cc(95)] onStatusUpdate(UPDATE_STATUS_DOWNLOADING (3), 0.430644)
[INFO:update_engine_client_android.cc(95)] onStatusUpdate(UPDATE_STATUS_DOWNLOADING (3), 0.440659)
[INFO:update_engine_client_android.cc(95)] onStatusUpdate(UPDATE_STATUS_DOWNLOADING (3), 0.450673)
[INFO:update_engine_client_android.cc(95)] onStatusUpdate(UPDATE_STATUS_DOWNLOADING (3), 0.460688)
[INFO:update_engine_client_android.cc(95)] onStatusUpdate(UPDATE_STATUS_DOWNLOADING (3), 0.470702)
[INFO:update_engine_client_android.cc(95)] onStatusUpdate(UPDATE_STATUS_DOWNLOADING (3), 0.480717)
[INFO:update_engine_client_android.cc(95)] onStatusUpdate(UPDATE_STATUS_DOWNLOADING (3), 0.490731)
[INFO:update_engine_client_android.cc(95)] onStatusUpdate(UPDATE_STATUS_DOWNLOADING (3), 0.500746)
[INFO:update_engine_client_android.cc(95)] onStatusUpdate(UPDATE_STATUS_DOWNLOADING (3), 0.51076)
[INFO:update_engine_client_android.cc(95)] onStatusUpdate(UPDATE_STATUS_DOWNLOADING (3), 0.520775)
[INFO:update_engine_client_android.cc(95)] onStatusUpdate(UPDATE_STATUS_DOWNLOADING (3), 0.530789)
[INFO:update_engine_client_android.cc(95)] onStatusUpdate(UPDATE_STATUS_DOWNLOADING (3), 0.540804)
[INFO:update_engine_client_android.cc(95)] onStatusUpdate(UPDATE_STATUS_DOWNLOADING (3), 0.550818)
[INFO:update_engine_client_android.cc(95)] onStatusUpdate(UPDATE_STATUS_DOWNLOADING (3), 0.560833)
[INFO:update_engine_client_android.cc(95)] onStatusUpdate(UPDATE_STATUS_DOWNLOADING (3), 0.570847)
[INFO:update_engine_client_android.cc(95)] onStatusUpdate(UPDATE_STATUS_DOWNLOADING (3), 0.580862)
[INFO:update_engine_client_android.cc(95)] onStatusUpdate(UPDATE_STATUS_DOWNLOADING (3), 0.590877)
[INFO:update_engine_client_android.cc(95)] onStatusUpdate(UPDATE_STATUS_DOWNLOADING (3), 0.600891)
[INFO:update_engine_client_android.cc(95)] onStatusUpdate(UPDATE_STATUS_DOWNLOADING (3), 0.610906)
[INFO:update_engine_client_android.cc(95)] onStatusUpdate(UPDATE_STATUS_DOWNLOADING (3), 0.62092)
[INFO:update_engine_client_android.cc(95)] onStatusUpdate(UPDATE_STATUS_DOWNLOADING (3), 0.630935)
[INFO:update_engine_client_android.cc(95)] onStatusUpdate(UPDATE_STATUS_DOWNLOADING (3), 0.640949)
[INFO:update_engine_client_android.cc(95)] onStatusUpdate(UPDATE_STATUS_DOWNLOADING (3), 0.650964)
[INFO:update_engine_client_android.cc(95)] onStatusUpdate(UPDATE_STATUS_DOWNLOADING (3), 0.660978)
[INFO:update_engine_client_android.cc(95)] onStatusUpdate(UPDATE_STATUS_DOWNLOADING (3), 0.670993)
[INFO:update_engine_client_android.cc(95)] onStatusUpdate(UPDATE_STATUS_DOWNLOADING (3), 0.681007)
[INFO:update_engine_client_android.cc(95)] onStatusUpdate(UPDATE_STATUS_DOWNLOADING (3), 0.689643)
[INFO:update_engine_client_android.cc(95)] onStatusUpdate(UPDATE_STATUS_DOWNLOADING (3), 0.699657)
[INFO:update_engine_client_android.cc(95)] onStatusUpdate(UPDATE_STATUS_DOWNLOADING (3), 0.709672)
[INFO:update_engine_client_android.cc(95)] onStatusUpdate(UPDATE_STATUS_DOWNLOADING (3), 0.719686)
[INFO:update_engine_client_android.cc(95)] onStatusUpdate(UPDATE_STATUS_DOWNLOADING (3), 0.729701)
[INFO:update_engine_client_android.cc(95)] onStatusUpdate(UPDATE_STATUS_DOWNLOADING (3), 0.739715)
[INFO:update_engine_client_android.cc(95)] onStatusUpdate(UPDATE_STATUS_DOWNLOADING (3), 0.74973)
[INFO:update_engine_client_android.cc(95)] onStatusUpdate(UPDATE_STATUS_DOWNLOADING (3), 0.759744)
[INFO:update_engine_client_android.cc(95)] onStatusUpdate(UPDATE_STATUS_DOWNLOADING (3), 0.769759)
[INFO:update_engine_client_android.cc(95)] onStatusUpdate(UPDATE_STATUS_DOWNLOADING (3), 0.779773)
[INFO:update_engine_client_android.cc(95)] onStatusUpdate(UPDATE_STATUS_DOWNLOADING (3), 0.789788)
[INFO:update_engine_client_android.cc(95)] onStatusUpdate(UPDATE_STATUS_DOWNLOADING (3), 0.799803)
[INFO:update_engine_client_android.cc(95)] onStatusUpdate(UPDATE_STATUS_DOWNLOADING (3), 0.809817)
[INFO:update_engine_client_android.cc(95)] onStatusUpdate(UPDATE_STATUS_DOWNLOADING (3), 0.819832)
[INFO:update_engine_client_android.cc(95)] onStatusUpdate(UPDATE_STATUS_DOWNLOADING (3), 0.829846)
[INFO:update_engine_client_android.cc(95)] onStatusUpdate(UPDATE_STATUS_DOWNLOADING (3), 0.839861)
[INFO:update_engine_client_android.cc(95)] onStatusUpdate(UPDATE_STATUS_DOWNLOADING (3), 0.849875)
[INFO:update_engine_client_android.cc(95)] onStatusUpdate(UPDATE_STATUS_DOWNLOADING (3), 0.85989)
[INFO:update_engine_client_android.cc(95)] onStatusUpdate(UPDATE_STATUS_DOWNLOADING (3), 0.869904)
[INFO:update_engine_client_android.cc(95)] onStatusUpdate(UPDATE_STATUS_DOWNLOADING (3), 0.879919)
[INFO:update_engine_client_android.cc(95)] onStatusUpdate(UPDATE_STATUS_DOWNLOADING (3), 0.889933)
[INFO:update_engine_client_android.cc(95)] onStatusUpdate(UPDATE_STATUS_DOWNLOADING (3), 0.899948)
[INFO:update_engine_client_android.cc(95)] onStatusUpdate(UPDATE_STATUS_DOWNLOADING (3), 0.909962)
[INFO:update_engine_client_android.cc(95)] onStatusUpdate(UPDATE_STATUS_DOWNLOADING (3), 0.919977)
[INFO:update_engine_client_android.cc(95)] onStatusUpdate(UPDATE_STATUS_DOWNLOADING (3), 0.929991)
[INFO:update_engine_client_android.cc(95)] onStatusUpdate(UPDATE_STATUS_DOWNLOADING (3), 0.940006)
[INFO:update_engine_client_android.cc(95)] onStatusUpdate(UPDATE_STATUS_DOWNLOADING (3), 0.950021)
[INFO:update_engine_client_android.cc(95)] onStatusUpdate(UPDATE_STATUS_DOWNLOADING (3), 0.960035)
[INFO:update_engine_client_android.cc(95)] onStatusUpdate(UPDATE_STATUS_DOWNLOADING (3), 0.97005)
[INFO:update_engine_client_android.cc(95)] onStatusUpdate(UPDATE_STATUS_DOWNLOADING (3), 0.980064)
[INFO:update_engine_client_android.cc(95)] onStatusUpdate(UPDATE_STATUS_DOWNLOADING (3), 0.990079)
[INFO:update_engine_client_android.cc(95)] onStatusUpdate(UPDATE_STATUS_VERIFYING (4), 0)
[INFO:update_engine_client_android.cc(95)] onStatusUpdate(UPDATE_STATUS_VERIFYING (4), 0.0222774)
[INFO:update_engine_client_android.cc(95)] onStatusUpdate(UPDATE_STATUS_VERIFYING (4), 0.0333912)
[INFO:update_engine_client_android.cc(95)] onStatusUpdate(UPDATE_STATUS_VERIFYING (4), 0.0551994)
[INFO:update_engine_client_android.cc(95)] onStatusUpdate(UPDATE_STATUS_VERIFYING (4), 0.0652209)
[INFO:update_engine_client_android.cc(95)] onStatusUpdate(UPDATE_STATUS_VERIFYING (4), 0.0902337)
[INFO:update_engine_client_android.cc(95)] onStatusUpdate(UPDATE_STATUS_VERIFYING (4), 0.100646)
[INFO:update_engine_client_android.cc(95)] onStatusUpdate(UPDATE_STATUS_VERIFYING (4), 0.124353)
[INFO:update_engine_client_android.cc(95)] onStatusUpdate(UPDATE_STATUS_VERIFYING (4), 0.134443)
[INFO:update_engine_client_android.cc(95)] onStatusUpdate(UPDATE_STATUS_VERIFYING (4), 0.162361)
[INFO:update_engine_client_android.cc(95)] onStatusUpdate(UPDATE_STATUS_VERIFYING (4), 0.172414)
[INFO:update_engine_client_android.cc(95)] onStatusUpdate(UPDATE_STATUS_VERIFYING (4), 0.206085)
[INFO:update_engine_client_android.cc(95)] onStatusUpdate(UPDATE_STATUS_VERIFYING (4), 0.227802)
[INFO:update_engine_client_android.cc(95)] onStatusUpdate(UPDATE_STATUS_VERIFYING (4), 0.237931)
[INFO:update_engine_client_android.cc(95)] onStatusUpdate(UPDATE_STATUS_VERIFYING (4), 0.262284)
[INFO:update_engine_client_android.cc(95)] onStatusUpdate(UPDATE_STATUS_VERIFYING (4), 0.272414)
[INFO:update_engine_client_android.cc(95)] onStatusUpdate(UPDATE_STATUS_VERIFYING (4), 0.297816)
[INFO:update_engine_client_android.cc(95)] onStatusUpdate(UPDATE_STATUS_VERIFYING (4), 0.307934)
[INFO:update_engine_client_android.cc(95)] onStatusUpdate(UPDATE_STATUS_VERIFYING (4), 0.332348)
[INFO:update_engine_client_android.cc(95)] onStatusUpdate(UPDATE_STATUS_VERIFYING (4), 0.342857)
[INFO:update_engine_client_android.cc(95)] onStatusUpdate(UPDATE_STATUS_VERIFYING (4), 0.369423)
[INFO:update_engine_client_android.cc(95)] onStatusUpdate(UPDATE_STATUS_VERIFYING (4), 0.413793)
[INFO:update_engine_client_android.cc(95)] onStatusUpdate(UPDATE_STATUS_VERIFYING (4), 0.448276)
[INFO:update_engine_client_android.cc(95)] onStatusUpdate(UPDATE_STATUS_VERIFYING (4), 0.474158)
[INFO:update_engine_client_android.cc(95)] onStatusUpdate(UPDATE_STATUS_VERIFYING (4), 0.517241)
[INFO:update_engine_client_android.cc(95)] onStatusUpdate(UPDATE_STATUS_VERIFYING (4), 0.542389)
[INFO:update_engine_client_android.cc(95)] onStatusUpdate(UPDATE_STATUS_VERIFYING (4), 0.572426)
[INFO:update_engine_client_android.cc(95)] onStatusUpdate(UPDATE_STATUS_VERIFYING (4), 0.582428)
[INFO:update_engine_client_android.cc(95)] onStatusUpdate(UPDATE_STATUS_VERIFYING (4), 0.614507)
[INFO:update_engine_client_android.cc(95)] onStatusUpdate(UPDATE_STATUS_VERIFYING (4), 0.655172)
[INFO:update_engine_client_android.cc(95)] onStatusUpdate(UPDATE_STATUS_VERIFYING (4), 0.678927)
[INFO:update_engine_client_android.cc(95)] onStatusUpdate(UPDATE_STATUS_VERIFYING (4), 0.689655)
[INFO:update_engine_client_android.cc(95)] onStatusUpdate(UPDATE_STATUS_VERIFYING (4), 0.710347)
[INFO:update_engine_client_android.cc(95)] onStatusUpdate(UPDATE_STATUS_VERIFYING (4), 0.720347)
[INFO:update_engine_client_android.cc(95)] onStatusUpdate(UPDATE_STATUS_VERIFYING (4), 0.75002)
[INFO:update_engine_client_android.cc(95)] onStatusUpdate(UPDATE_STATUS_VERIFYING (4), 0.780071)
[INFO:update_engine_client_android.cc(95)] onStatusUpdate(UPDATE_STATUS_VERIFYING (4), 0.790725)
[INFO:update_engine_client_android.cc(95)] onStatusUpdate(UPDATE_STATUS_VERIFYING (4), 0.827586)
[INFO:update_engine_client_android.cc(95)] onStatusUpdate(UPDATE_STATUS_VERIFYING (4), 0.862069)
[INFO:update_engine_client_android.cc(95)] onStatusUpdate(UPDATE_STATUS_VERIFYING (4), 0.896552)
[INFO:update_engine_client_android.cc(95)] onStatusUpdate(UPDATE_STATUS_VERIFYING (4), 0.917245)
[INFO:update_engine_client_android.cc(95)] onStatusUpdate(UPDATE_STATUS_VERIFYING (4), 0.927247)
[INFO:update_engine_client_android.cc(95)] onStatusUpdate(UPDATE_STATUS_VERIFYING (4), 0.951751)
[INFO:update_engine_client_android.cc(95)] onStatusUpdate(UPDATE_STATUS_VERIFYING (4), 0.961773)
[INFO:update_engine_client_android.cc(95)] onStatusUpdate(UPDATE_STATUS_VERIFYING (4), 0.986317)
[INFO:update_engine_client_android.cc(95)] onStatusUpdate(UPDATE_STATUS_VERIFYING (4), 0.996418)
[INFO:update_engine_client_android.cc(95)] onStatusUpdate(UPDATE_STATUS_VERIFYING (4), 1)
[INFO:update_engine_client_android.cc(95)] onStatusUpdate(UPDATE_STATUS_VERIFYING (4), 1)
[INFO:update_engine_client_android.cc(95)] onStatusUpdate(UPDATE_STATUS_FINALIZING (5), 0)
[INFO:update_engine_client_android.cc(95)] onStatusUpdate(UPDATE_STATUS_FINALIZING (5), 0.01)
[INFO:update_engine_client_android.cc(95)] onStatusUpdate(UPDATE_STATUS_FINALIZING (5), 0.02)
[INFO:update_engine_client_android.cc(95)] onStatusUpdate(UPDATE_STATUS_FINALIZING (5), 0.035)
[INFO:update_engine_client_android.cc(95)] onStatusUpdate(UPDATE_STATUS_FINALIZING (5), 0.05)
[INFO:update_engine_client_android.cc(95)] onStatusUpdate(UPDATE_STATUS_FINALIZING (5), 0.065)
[INFO:update_engine_client_android.cc(95)] onStatusUpdate(UPDATE_STATUS_FINALIZING (5), 0.08)
[INFO:update_engine_client_android.cc(95)] onStatusUpdate(UPDATE_STATUS_FINALIZING (5), 0.095)
[INFO:update_engine_client_android.cc(95)] onStatusUpdate(UPDATE_STATUS_FINALIZING (5), 0.11)
[INFO:update_engine_client_android.cc(95)] onStatusUpdate(UPDATE_STATUS_FINALIZING (5), 0.125)
[INFO:update_engine_client_android.cc(95)] onStatusUpdate(UPDATE_STATUS_FINALIZING (5), 0.135)
[INFO:update_engine_client_android.cc(95)] onStatusUpdate(UPDATE_STATUS_FINALIZING (5), 0.15)
[INFO:update_engine_client_android.cc(95)] onStatusUpdate(UPDATE_STATUS_FINALIZING (5), 0.16)
[INFO:update_engine_client_android.cc(95)] onStatusUpdate(UPDATE_STATUS_FINALIZING (5), 0.17)
[INFO:update_engine_client_android.cc(95)] onStatusUpdate(UPDATE_STATUS_FINALIZING (5), 0.185)
[INFO:update_engine_client_android.cc(95)] onStatusUpdate(UPDATE_STATUS_FINALIZING (5), 0.195)
[INFO:update_engine_client_android.cc(95)] onStatusUpdate(UPDATE_STATUS_FINALIZING (5), 0.21)
[INFO:update_engine_client_android.cc(95)] onStatusUpdate(UPDATE_STATUS_FINALIZING (5), 0.22)
[INFO:update_engine_client_android.cc(95)] onStatusUpdate(UPDATE_STATUS_FINALIZING (5), 0.23)
[INFO:update_engine_client_android.cc(95)] onStatusUpdate(UPDATE_STATUS_FINALIZING (5), 0.245)
[INFO:update_engine_client_android.cc(95)] onStatusUpdate(UPDATE_STATUS_FINALIZING (5), 0.255)
[INFO:update_engine_client_android.cc(95)] onStatusUpdate(UPDATE_STATUS_FINALIZING (5), 0.265)
[INFO:update_engine_client_android.cc(95)] onStatusUpdate(UPDATE_STATUS_FINALIZING (5), 0.275)
[INFO:update_engine_client_android.cc(95)] onStatusUpdate(UPDATE_STATUS_FINALIZING (5), 0.29)
[INFO:update_engine_client_android.cc(95)] onStatusUpdate(UPDATE_STATUS_FINALIZING (5), 0.3)
[INFO:update_engine_client_android.cc(95)] onStatusUpdate(UPDATE_STATUS_FINALIZING (5), 0.31)
[INFO:update_engine_client_android.cc(95)] onStatusUpdate(UPDATE_STATUS_FINALIZING (5), 0.32)
[INFO:update_engine_client_android.cc(95)] onStatusUpdate(UPDATE_STATUS_FINALIZING (5), 0.33)
[INFO:update_engine_client_android.cc(95)] onStatusUpdate(UPDATE_STATUS_FINALIZING (5), 0.34)
[INFO:update_engine_client_android.cc(95)] onStatusUpdate(UPDATE_STATUS_FINALIZING (5), 0.355)
[INFO:update_engine_client_android.cc(95)] onStatusUpdate(UPDATE_STATUS_FINALIZING (5), 0.365)
[INFO:update_engine_client_android.cc(95)] onStatusUpdate(UPDATE_STATUS_FINALIZING (5), 0.375)
[INFO:update_engine_client_android.cc(95)] onStatusUpdate(UPDATE_STATUS_FINALIZING (5), 0.385)
[INFO:update_engine_client_android.cc(95)] onStatusUpdate(UPDATE_STATUS_FINALIZING (5), 0.395)
[INFO:update_engine_client_android.cc(95)] onStatusUpdate(UPDATE_STATUS_FINALIZING (5), 0.405)
[INFO:update_engine_client_android.cc(95)] onStatusUpdate(UPDATE_STATUS_FINALIZING (5), 0.42)
[INFO:update_engine_client_android.cc(95)] onStatusUpdate(UPDATE_STATUS_FINALIZING (5), 0.43)
[INFO:update_engine_client_android.cc(95)] onStatusUpdate(UPDATE_STATUS_FINALIZING (5), 0.44)
[INFO:update_engine_client_android.cc(95)] onStatusUpdate(UPDATE_STATUS_FINALIZING (5), 0.45)
[INFO:update_engine_client_android.cc(95)] onStatusUpdate(UPDATE_STATUS_FINALIZING (5), 0.46)
[INFO:update_engine_client_android.cc(95)] onStatusUpdate(UPDATE_STATUS_FINALIZING (5), 0.475)
[INFO:update_engine_client_android.cc(95)] onStatusUpdate(UPDATE_STATUS_FINALIZING (5), 0.485)
[INFO:update_engine_client_android.cc(95)] onStatusUpdate(UPDATE_STATUS_FINALIZING (5), 0.495)
[INFO:update_engine_client_android.cc(95)] onStatusUpdate(UPDATE_STATUS_FINALIZING (5), 1)
[INFO:update_engine_client_android.cc(95)] onStatusUpdate(UPDATE_STATUS_UPDATED_NEED_REBOOT (6), 0)
[INFO:update_engine_client_android.cc(103)] onPayloadApplicationComplete(ErrorCode::kSuccess (0))
INFO:root:Update took 707.690 seconds
